<?xml version="1.0" encoding="UTF-8"?>
<!-- Generated by org.testng.reporters.JUnitReportReporter -->
<testsuite hostname="DESKTOP-UV1O9DM" failures="0" tests="1" name="Exceptions.test2" time="18.703" errors="0" timestamp="2022-10-16T22:51:55 IST" skipped="0">
  <testcase classname="Exceptions.test2" name="Tc1" time="18.703"/>
  <system-out/>
</testsuite> <!-- Exceptions.test2 -->
