<?xml version="1.0" encoding="UTF-8"?>
<!-- Generated by org.testng.reporters.JUnitReportReporter -->
<testsuite hostname="DESKTOP-UV1O9DM" failures="0" tests="1" name="TestNg_Practice.firefox1" time="8.880" errors="0" timestamp="2022-10-20T13:03:26 IST" skipped="0">
  <testcase classname="TestNg_Practice.firefox1" name="TC1" time="8.880"/>
  <system-out/>
</testsuite> <!-- TestNg_Practice.firefox1 -->
