<?xml version="1.0" encoding="UTF-8"?>
<!-- Generated by org.testng.reporters.JUnitReportReporter -->
<testsuite hostname="DESKTOP-UV1O9DM" failures="0" tests="1" name="Annotations.test1" time="0.011" errors="0" timestamp="2022-10-17T09:21:55 IST" skipped="0">
  <testcase classname="Annotations.test1" name="Tc1" time="0.011"/>
  <system-out>
    <![CDATA[Running Tc1]]>
  </system-out>
</testsuite> <!-- Annotations.test1 -->
