<?xml version="1.0" encoding="UTF-8"?>
<!-- Generated by org.testng.reporters.JUnitReportReporter -->
<testsuite hostname="DESKTOP-UV1O9DM" failures="0" tests="4" name="TestNg_1.Emaiable_report1" time="0.034" errors="0" timestamp="2022-10-16T12:02:03 IST" skipped="0">
  <testcase classname="TestNg_1.Emaiable_report1" name="Tc3" time="0.007"/>
  <system-out>
    <![CDATA[Tc3 is running]]>
  </system-out>
  <testcase classname="TestNg_1.Emaiable_report1" name="Tc4" time="0.002"/>
  <system-out>
    <![CDATA[Tc4 is running ]]>
  </system-out>
  <testcase classname="TestNg_1.Emaiable_report1" name="Tc1" time="0.022"/>
  <system-out>
    <![CDATA[Tc1 is running ]]>
  </system-out>
  <testcase classname="TestNg_1.Emaiable_report1" name="Tc2" time="0.003"/>
  <system-out>
    <![CDATA[Tc2 is running ]]>
  </system-out>
</testsuite> <!-- TestNg_1.Emaiable_report1 -->
