<?xml version="1.0" encoding="UTF-8"?>
<!-- Generated by org.testng.reporters.JUnitReportReporter -->
<testsuite hostname="DESKTOP-UV1O9DM" failures="0" tests="2" name="Annotations.test2" time="0.015" errors="0" timestamp="2022-10-17T09:55:01 IST" skipped="0">
  <testcase classname="Annotations.test2" name="Tc1" time="0.011"/>
  <system-out>
    <![CDATA[Tc1 is running]]>
  </system-out>
  <testcase classname="Annotations.test2" name="Tc2" time="0.004"/>
  <system-out>
    <![CDATA[Tc2 is running ]]>
  </system-out>
</testsuite> <!-- Annotations.test2 -->
