<?xml version="1.0" encoding="UTF-8"?>
<!-- Generated by org.testng.reporters.JUnitReportReporter -->
<testsuite hostname="DESKTOP-UV1O9DM" failures="0" tests="2" name="Multi_Brouser_Testing.sample1" time="310.591" errors="0" timestamp="2022-10-20T13:17:59 IST" skipped="0">
  <testcase classname="Multi_Brouser_Testing.sample1" name="TC1" time="152.738"/>
  <system-out/>
  <testcase classname="Multi_Brouser_Testing.sample1" name="TC1" time="157.853"/>
  <system-out/>
</testsuite> <!-- Multi_Brouser_Testing.sample1 -->
