<?xml version="1.0" encoding="UTF-8"?>
<!-- Generated by org.testng.reporters.JUnitReportReporter -->
<testsuite hostname="DESKTOP-UV1O9DM" failures="0" tests="2" name="TestNg_1.KeyWord3" time="0.023" errors="0" timestamp="2022-10-16T13:02:27 IST" skipped="1">
  <testcase classname="TestNg_1.KeyWord3" name="Tc2" time="0.023"/>
  <system-out>
    <![CDATA[Good morning ]]>
  </system-out>
  <testcase classname="TestNg_1.KeyWord3" name="Tc1">
    <skipped/>
  </testcase> <!-- Tc1 -->
  <system-out/>
</testsuite> <!-- TestNg_1.KeyWord3 -->
