<?xml version="1.0" encoding="UTF-8"?>
<!-- Generated by org.testng.reporters.JUnitReportReporter -->
<testsuite hostname="DESKTOP-UV1O9DM" failures="0" tests="1" name="Scroll_Functions.Scroll1" time="19.654" errors="0" timestamp="2022-10-28T20:27:05 IST" skipped="0">
  <testcase classname="Scroll_Functions.Scroll1" name="M1" time="19.654"/>
  <system-out/>
</testsuite> <!-- Scroll_Functions.Scroll1 -->
