<?xml version="1.0" encoding="UTF-8"?>
<!-- Generated by org.testng.reporters.JUnitReportReporter -->
<testsuite hostname="DESKTOP-UV1O9DM" failures="0" tests="2" name="TestNg_Testsuit.Test2" time="0.007" errors="0" timestamp="2022-10-17T11:55:08 IST" skipped="0">
  <testcase classname="TestNg_Testsuit.Test2" name="TC3" time="0.004"/>
  <system-out>
    <![CDATA[Tc3 is running]]>
  </system-out>
  <testcase classname="TestNg_Testsuit.Test2" name="Tc4" time="0.003"/>
  <system-out>
    <![CDATA[Tc4 is running]]>
  </system-out>
</testsuite> <!-- TestNg_Testsuit.Test2 -->
