<?xml version="1.0" encoding="UTF-8"?>
<!-- Generated by org.testng.reporters.JUnitReportReporter -->
<testsuite hostname="DESKTOP-UV1O9DM" failures="0" tests="2" name="TestNg_Testsuit.Test3" time="0.005" errors="0" timestamp="2022-10-17T11:55:08 IST" skipped="0">
  <testcase classname="TestNg_Testsuit.Test3" name="Tc6" time="0.003"/>
  <system-out>
    <![CDATA[Tc6 is running ]]>
  </system-out>
  <testcase classname="TestNg_Testsuit.Test3" name="Tc5" time="0.002"/>
  <system-out>
    <![CDATA[Tc5 is running]]>
  </system-out>
</testsuite> <!-- TestNg_Testsuit.Test3 -->
