<?xml version="1.0" encoding="UTF-8"?>
<!-- Generated by org.testng.reporters.JUnitReportReporter -->
<testsuite hostname="DESKTOP-UV1O9DM" failures="0" tests="1" name="Scroll_Functions.Scroll2" time="15.001" errors="0" timestamp="2022-10-28T20:39:35 IST" skipped="0">
  <testcase classname="Scroll_Functions.Scroll2" name="M1" time="15.001"/>
  <system-out/>
</testsuite> <!-- Scroll_Functions.Scroll2 -->
