<?xml version="1.0" encoding="UTF-8"?>
<!-- Generated by org.testng.reporters.JUnitReportReporter -->
<testsuite hostname="DESKTOP-UV1O9DM" failures="0" tests="4" name="TestNg_1.KeyWord2" time="0.015" errors="0" timestamp="2022-10-17T11:55:08 IST" skipped="0">
  <testcase classname="TestNg_1.KeyWord2" name="Tc4" time="0.004"/>
  <system-out>
    <![CDATA[Dipavali]]>
  </system-out>
  <testcase classname="TestNg_1.KeyWord2" name="Tc3" time="0.003"/>
  <system-out>
    <![CDATA[Subah]]>
  </system-out>
  <testcase classname="TestNg_1.KeyWord2" name="Tc2" time="0.002"/>
  <system-out>
    <![CDATA[Smile]]>
  </system-out>
  <testcase classname="TestNg_1.KeyWord2" name="Tc1" time="0.006"/>
  <system-out>
    <![CDATA[GoodMrng]]>
  </system-out>
</testsuite> <!-- TestNg_1.KeyWord2 -->
