<?xml version="1.0" encoding="UTF-8"?>
<!-- Generated by org.testng.reporters.JUnitReportReporter -->
<testsuite hostname="DESKTOP-UV1O9DM" failures="0" tests="1" name="Parallel_Testing.sample2" time="23.345" errors="0" timestamp="2022-10-19T12:16:25 IST" skipped="0">
  <testcase classname="Parallel_Testing.sample2" name="TC2" time="23.345"/>
  <system-out/>
</testsuite> <!-- Parallel_Testing.sample2 -->
