<?xml version="1.0" encoding="UTF-8"?>
<!-- Generated by org.testng.reporters.JUnitReportReporter -->
<testsuite hostname="DESKTOP-UV1O9DM" failures="0" tests="1" name="Parallel_Testing.sample3" time="25.840" errors="0" timestamp="2022-10-19T12:16:25 IST" skipped="0">
  <testcase classname="Parallel_Testing.sample3" name="Tc3" time="25.840"/>
  <system-out/>
</testsuite> <!-- Parallel_Testing.sample3 -->
