<?xml version="1.0" encoding="UTF-8"?>
<!-- Generated by org.testng.reporters.JUnitReportReporter -->
<testsuite hostname="DESKTOP-UV1O9DM" failures="0" tests="1" name="Scroll_Fun_practice.sample2" time="19.928" errors="0" timestamp="2022-11-01T19:37:52 IST" skipped="0">
  <testcase classname="Scroll_Fun_practice.sample2" name="m1" time="19.928"/>
  <system-out/>
</testsuite> <!-- Scroll_Fun_practice.sample2 -->
