<?xml version="1.0" encoding="UTF-8"?>
<!-- Generated by org.testng.reporters.JUnitReportReporter -->
<testsuite hostname="DESKTOP-UV1O9DM" failures="0" tests="1" name="POM_Practice.GuruTest_Class" time="24.888" errors="0" timestamp="2022-10-16T22:25:41 IST" skipped="0">
  <testcase classname="POM_Practice.GuruTest_Class" name="main" time="24.888"/>
  <system-out/>
</testsuite> <!-- POM_Practice.GuruTest_Class -->
