<?xml version="1.0" encoding="UTF-8"?>
<!-- Generated by org.testng.reporters.JUnitReportReporter -->
<testsuite hostname="DESKTOP-UV1O9DM" failures="0" tests="4" name="DisableTC.sample1" time="0.020" errors="0" timestamp="2022-10-19T11:39:07 IST" skipped="1">
  <testcase classname="DisableTC.sample1" name="TC4" time="0.004"/>
  <system-out>
    <![CDATA[TC4 is running ]]>
  </system-out>
  <testcase classname="DisableTC.sample1" name="TC1" time="0.014"/>
  <system-out>
    <![CDATA[TC1 is running ]]>
  </system-out>
  <testcase classname="DisableTC.sample1" name="TC2" time="0.002"/>
  <system-out>
    <![CDATA[TC2 is running ]]>
  </system-out>
  <testcase classname="DisableTC.sample1" name="TC3">
    <skipped/>
  </testcase> <!-- TC3 -->
  <system-out/>
</testsuite> <!-- DisableTC.sample1 -->
