<?xml version="1.0" encoding="UTF-8"?>
<!-- Generated by org.testng.reporters.JUnitReportReporter -->
<testsuite hostname="DESKTOP-UV1O9DM" failures="0" tests="1" name="Logical_programing.reverse_no2" time="0.016" errors="0" timestamp="2022-10-18T10:54:56 IST" skipped="0">
  <testcase classname="Logical_programing.reverse_no2" name="M1" time="0.016"/>
  <system-out/>
</testsuite> <!-- Logical_programing.reverse_no2 -->
