<?xml version="1.0" encoding="UTF-8"?>
<!-- Generated by org.testng.reporters.JUnitReportReporter -->
<testsuite hostname="DESKTOP-UV1O9DM" failures="0" tests="4" name="Grouping_Of_TC.Grroup1" time="0.016" errors="0" timestamp="2022-10-19T11:59:20 IST" skipped="0">
  <testcase classname="Grouping_Of_TC.Grroup1" name="Tc3" time="0.010"/>
  <system-out>
    <![CDATA[TC3 is running]]>
  </system-out>
  <testcase classname="Grouping_Of_TC.Grroup1" name="Tc4" time="0.002"/>
  <system-out>
    <![CDATA[TC4 is running]]>
  </system-out>
  <testcase classname="Grouping_Of_TC.Grroup1" name="Tc5" time="0.003"/>
  <system-out>
    <![CDATA[TC5 is running]]>
  </system-out>
  <testcase classname="Grouping_Of_TC.Grroup1" name="Tc6" time="0.001"/>
  <system-out>
    <![CDATA[TC6 is running]]>
  </system-out>
</testsuite> <!-- Grouping_Of_TC.Grroup1 -->
