<?xml version="1.0" encoding="UTF-8"?>
<!-- Generated by org.testng.reporters.JUnitReportReporter -->
<testsuite hostname="DESKTOP-UV1O9DM" failures="0" tests="2" name="TestNg_Testsuit.Test1" time="0.023" errors="0" timestamp="2022-10-17T11:55:08 IST" skipped="0">
  <testcase classname="TestNg_Testsuit.Test1" name="Tc2" time="0.005"/>
  <system-out>
    <![CDATA[Tc2 is running ]]>
  </system-out>
  <testcase classname="TestNg_Testsuit.Test1" name="Tc1" time="0.018"/>
  <system-out>
    <![CDATA[Tc1 is running ]]>
  </system-out>
</testsuite> <!-- TestNg_Testsuit.Test1 -->
