<?xml version="1.0" encoding="UTF-8"?>
<!-- Generated by org.testng.reporters.JUnitReportReporter -->
<testsuite hostname="DESKTOP-UV1O9DM" failures="0" tests="1" name="Scroll_Functions.Scroll3" time="22.959" errors="0" timestamp="2022-10-28T21:11:01 IST" skipped="0">
  <testcase classname="Scroll_Functions.Scroll3" name="M1" time="22.959"/>
  <system-out/>
</testsuite> <!-- Scroll_Functions.Scroll3 -->
