<?xml version="1.0" encoding="UTF-8"?>
<!-- Generated by org.testng.reporters.JUnitReportReporter -->
<testsuite hostname="DESKTOP-UV1O9DM" failures="0" tests="1" name="TestNg_1.TestNg_TestClass" time="156.556" errors="0" timestamp="2022-10-16T11:50:10 IST" skipped="0">
  <testcase classname="TestNg_1.TestNg_TestClass" name="Tc1" time="156.556"/>
  <system-out/>
</testsuite> <!-- TestNg_1.TestNg_TestClass -->
