<?xml version="1.0" encoding="UTF-8"?>
<!-- Generated by org.testng.reporters.JUnitReportReporter -->
<testsuite hostname="DESKTOP-UV1O9DM" failures="0" tests="1" name="practice_12.Sample2" time="0.028" errors="0" timestamp="2022-10-18T15:27:07 IST" skipped="0">
  <testcase classname="practice_12.Sample2" name="m1" time="0.028"/>
  <system-out/>
</testsuite> <!-- practice_12.Sample2 -->
