<?xml version="1.0" encoding="UTF-8"?>
<!-- Generated by org.testng.reporters.JUnitReportReporter -->
<testsuite hostname="DESKTOP-UV1O9DM" failures="0" tests="1" name="Scroll_Fun_practice.sample1" time="16.715" errors="0" timestamp="2022-11-01T18:47:32 IST" skipped="0">
  <testcase classname="Scroll_Fun_practice.sample1" name="M1" time="16.715"/>
  <system-out/>
</testsuite> <!-- Scroll_Fun_practice.sample1 -->
