<?xml version="1.0" encoding="UTF-8"?>
<!-- Generated by org.testng.reporters.JUnitReportReporter -->
<testsuite hostname="DESKTOP-UV1O9DM" failures="0" tests="2" name="DisableTC.sample2" time="0.013" errors="0" timestamp="2022-10-19T11:49:32 IST" skipped="0">
  <testcase classname="DisableTC.sample2" name="TC1" time="0.011"/>
  <system-out>
    <![CDATA[TC1 is running]]>
  </system-out>
  <testcase classname="DisableTC.sample2" name="TC2" time="0.002"/>
  <system-out>
    <![CDATA[TC2 is running]]>
  </system-out>
</testsuite> <!-- DisableTC.sample2 -->
