<?xml version="1.0" encoding="UTF-8"?>
<!-- Generated by org.testng.reporters.JUnitReportReporter -->
<testsuite hostname="DESKTOP-UV1O9DM" failures="0" tests="10" name="TestNg_1.KeyWord1" time="0.051" errors="0" timestamp="2022-10-16T12:05:09 IST" skipped="0">
  <testcase classname="TestNg_1.KeyWord1" name="Tc1" time="0.019"/>
  <system-out>
    <![CDATA[Hii]]>
  </system-out>
  <testcase classname="TestNg_1.KeyWord1" name="Tc1" time="0.002"/>
  <system-out>
    <![CDATA[Hii]]>
  </system-out>
  <testcase classname="TestNg_1.KeyWord1" name="Tc1" time="0.007"/>
  <system-out>
    <![CDATA[Hii]]>
  </system-out>
  <testcase classname="TestNg_1.KeyWord1" name="Tc1" time="0.002"/>
  <system-out>
    <![CDATA[Hii]]>
  </system-out>
  <testcase classname="TestNg_1.KeyWord1" name="Tc1" time="0.003"/>
  <system-out>
    <![CDATA[Hii]]>
  </system-out>
  <testcase classname="TestNg_1.KeyWord1" name="Tc1" time="0.002"/>
  <system-out>
    <![CDATA[Hii]]>
  </system-out>
  <testcase classname="TestNg_1.KeyWord1" name="Tc1" time="0.003"/>
  <system-out>
    <![CDATA[Hii]]>
  </system-out>
  <testcase classname="TestNg_1.KeyWord1" name="Tc1" time="0.002"/>
  <system-out>
    <![CDATA[Hii]]>
  </system-out>
  <testcase classname="TestNg_1.KeyWord1" name="Tc1" time="0.003"/>
  <system-out>
    <![CDATA[Hii]]>
  </system-out>
  <testcase classname="TestNg_1.KeyWord1" name="Tc1" time="0.008"/>
  <system-out>
    <![CDATA[Hii]]>
  </system-out>
</testsuite> <!-- TestNg_1.KeyWord1 -->
